<?xml version="1.0" encoding="UTF-8"?>
<testsuite xmlns:xsi="http://www.w3.org/2001/XMLSchema-instance" xsi:noNamespaceSchemaLocation="https://maven.apache.org/surefire/maven-surefire-plugin/xsd/surefire-test-report-3.0.xsd" version="3.0" name="CalculadoraTest" time="0.04" tests="5" errors="0" skipped="0" failures="0">
  <properties>
[...]
</properties>
  <testcase name="restaTest" classname="CalculadoraTest" time="0.017">
    <system-out><![CDATA[Antes de los test
RestaTest
Después de cada test
]]></system-out>
  </testcase>
  <testcase name="sumaTest" classname="CalculadoraTest" time="0.001">
    <system-out><![CDATA[SumaTest
Después de cada test
]]></system-out>
  </testcase>
  <testcase name="divideixTest" classname="CalculadoraTest" time="0.001">
    <system-out><![CDATA[DivideixTest
Después de cada test
]]></system-out>
  </testcase>
  <testcase name="majorQueTest" classname="CalculadoraTest" time="0.001">
    <system-out><![CDATA[MajorQueTest
Después de cada test
]]></system-out>
  </testcase>
  <testcase name="multiplicaTest" classname="CalculadoraTest" time="0.001">
    <system-out><![CDATA[MultiplicaTest
Después de cada test
]]></system-out>
  </testcase>
</testsuite>